[70161:70161:1128/083022.849215:WARNING:chrome_main_delegate.cc(660)] This is Chrome version 119.0.6045.105 (not a warning)
[70161:70183:1128/083023.228760:ERROR:bus.cc(407)] Failed to connect to the bus: Failed to connect to socket /run/user/1000/bus: No such file or directory
[70161:70183:1128/083023.229134:ERROR:bus.cc(407)] Failed to connect to the bus: Failed to connect to socket /run/user/1000/bus: No such file or directory
[70161:70183:1128/083023.229352:ERROR:bus.cc(407)] Failed to connect to the bus: Failed to connect to socket /run/user/1000/bus: No such file or directory
[70161:70183:1128/083023.229543:ERROR:bus.cc(407)] Failed to connect to the bus: Failed to connect to socket /run/user/1000/bus: No such file or directory
[70161:70161:1128/083023.235825:INFO:policy_logger.cc(145)] :components/enterprise/browser/controller/chrome_browser_cloud_management_controller.cc(168) Starting CBCM Controller Initialization
[70161:70161:1128/083023.240310:INFO:policy_logger.cc(145)] :components/enterprise/browser/controller/chrome_browser_cloud_management_controller.cc(196) No machine level policy manager exists.
[70161:70183:1128/083023.337227:ERROR:bus.cc(407)] Failed to connect to the bus: Failed to connect to socket /run/user/1000/bus: No such file or directory
[70161:70183:1128/083023.337592:ERROR:bus.cc(407)] Failed to connect to the bus: Failed to connect to socket /run/user/1000/bus: No such file or directory
[70161:70183:1128/083023.386334:ERROR:bus.cc(407)] Failed to connect to the bus: Failed to connect to socket /run/user/1000/bus: No such file or directory
[70161:70183:1128/083023.388090:ERROR:bus.cc(407)] Failed to connect to the bus: Failed to connect to socket /run/user/1000/bus: No such file or directory
[70161:70161:1128/083023.443971:WARNING:bluez_dbus_manager.cc(247)] Floss manager not present, cannot set Floss enable/disable.
[70161:70261:1128/083023.476285:ERROR:object_proxy.cc(577)] Failed to call method: org.freedesktop.DBus.Properties.Get: object_path= /org/freedesktop/UPower: org.freedesktop.DBus.Error.ServiceUnknown: The name org.freedesktop.UPower was not provided by any .service files
[70161:70261:1128/083023.481250:WARNING:property.cc(144)] DaemonVersion: GetAndBlock: failed.
[70161:70261:1128/083023.484646:ERROR:object_proxy.cc(577)] Failed to call method: org.freedesktop.UPower.GetDisplayDevice: object_path= /org/freedesktop/UPower: org.freedesktop.DBus.Error.ServiceUnknown: The name org.freedesktop.UPower was not provided by any .service files
[70161:70261:1128/083023.487392:ERROR:object_proxy.cc(577)] Failed to call method: org.freedesktop.UPower.EnumerateDevices: object_path= /org/freedesktop/UPower: org.freedesktop.DBus.Error.ServiceUnknown: The name org.freedesktop.UPower was not provided by any .service files
[70196:70196:1128/083023.703683:WARNING:gpu_memory_buffer_support_x11.cc(49)] dri3 extension not supported.
[70196:70196:1128/083023.717004:WARNING:sandbox_linux.cc(393)] InitializeSandbox() called with multiple threads in process gpu-process.
[70161:70161:1128/083024.413663:INFO:CONSOLE(1)] "A parser-blocking, cross site (i.e. different eTLD+1) script, https://cdn.cookielaw.org/scripttemplates/otSDKStub.js, is invoked via document.write. The network request for this script MAY be blocked by the browser in this or a future page load due to poor network connectivity. If blocked in this page load, it will be confirmed in a subsequent console message. See https://www.chromestatus.com/feature/5718547946799104 for more details.", source: https://coinmarketcap.com/ (1)
[70161:70161:1128/083024.414656:INFO:CONSOLE(1)] "A parser-blocking, cross site (i.e. different eTLD+1) script, https://cdn.cookielaw.org/scripttemplates/otSDKStub.js, is invoked via document.write. The network request for this script MAY be blocked by the browser in this or a future page load due to poor network connectivity. If blocked in this page load, it will be confirmed in a subsequent console message. See https://www.chromestatus.com/feature/5718547946799104 for more details.", source: https://coinmarketcap.com/ (1)
[70161:70161:1128/083024.722497:INFO:CONSOLE(1)] "react-i18next:: It seems you are still using the old wait option, you may migrate to the new useSuspense behaviour.", source: https://s2.coinmarketcap.com/_next/static/chunks/pages/_app-594dffddbbffcfc.js (1)
[70161:70161:1128/083027.583726:INFO:CONSOLE(254)] "[Audigent] cannot find a required consent framework, halt execution", source: https://a.ad.gt/api/v1/u/matches/617?_it=amazon (254)
[70161:70161:1128/083028.243610:INFO:CONSOLE(0)] "Access to fetch at 'https://lb.eu-1-id5-sync.com/lb/v1' from origin 'https://coinmarketcap.com' has been blocked by CORS policy: No 'Access-Control-Allow-Origin' header is present on the requested resource. If an opaque response serves your needs, set the request's mode to 'no-cors' to fetch the resource with CORS disabled.", source: https://coinmarketcap.com/ (0)
[70161:70161:1128/083028.731912:INFO:CONSOLE(0)] "Access to XMLHttpRequest at 'https://id5-sync.com/gm/v3' from origin 'https://coinmarketcap.com' has been blocked by CORS policy: No 'Access-Control-Allow-Origin' header is present on the requested resource.", source: https://coinmarketcap.com/ (0)
[70161:70161:1128/083033.634318:INFO:CONSOLE(1)] "A parser-blocking, cross site (i.e. different eTLD+1) script, https://cdn.cookielaw.org/scripttemplates/otSDKStub.js, is invoked via document.write. The network request for this script MAY be blocked by the browser in this or a future page load due to poor network connectivity. If blocked in this page load, it will be confirmed in a subsequent console message. See https://www.chromestatus.com/feature/5718547946799104 for more details.", source: https://coinmarketcap.com/ (1)
[70161:70161:1128/083033.635525:INFO:CONSOLE(1)] "A parser-blocking, cross site (i.e. different eTLD+1) script, https://cdn.cookielaw.org/scripttemplates/otSDKStub.js, is invoked via document.write. The network request for this script MAY be blocked by the browser in this or a future page load due to poor network connectivity. If blocked in this page load, it will be confirmed in a subsequent console message. See https://www.chromestatus.com/feature/5718547946799104 for more details.", source: https://coinmarketcap.com/ (1)
[70161:70161:1128/083033.898522:INFO:CONSOLE(1)] "react-i18next:: It seems you are still using the old wait option, you may migrate to the new useSuspense behaviour.", source: https://s2.coinmarketcap.com/_next/static/chunks/pages/_app-594dffddbbffcfc.js (1)
[70161:70161:1128/083035.408338:INFO:CONSOLE(254)] "[Audigent] cannot find a required consent framework, halt execution", source: https://a.ad.gt/api/v1/u/matches/617?_it=amazon (254)
[70161:70161:1128/083036.402609:INFO:CONSOLE(0)] "Access to fetch at 'https://lb.eu-1-id5-sync.com/lb/v1' from origin 'https://coinmarketcap.com' has been blocked by CORS policy: No 'Access-Control-Allow-Origin' header is present on the requested resource. If an opaque response serves your needs, set the request's mode to 'no-cors' to fetch the resource with CORS disabled.", source: https://coinmarketcap.com/ (0)
[70161:70161:1128/083036.699017:INFO:CONSOLE(0)] "Access to XMLHttpRequest at 'https://id5-sync.com/gm/v3' from origin 'https://coinmarketcap.com' has been blocked by CORS policy: No 'Access-Control-Allow-Origin' header is present on the requested resource.", source: https://coinmarketcap.com/ (0)
[70161:70161:1128/083042.622215:INFO:CONSOLE(1)] "A parser-blocking, cross site (i.e. different eTLD+1) script, https://cdn.cookielaw.org/scripttemplates/otSDKStub.js, is invoked via document.write. The network request for this script MAY be blocked by the browser in this or a future page load due to poor network connectivity. If blocked in this page load, it will be confirmed in a subsequent console message. See https://www.chromestatus.com/feature/5718547946799104 for more details.", source: https://coinmarketcap.com/converter/ (1)
[70161:70161:1128/083042.623032:INFO:CONSOLE(1)] "A parser-blocking, cross site (i.e. different eTLD+1) script, https://cdn.cookielaw.org/scripttemplates/otSDKStub.js, is invoked via document.write. The network request for this script MAY be blocked by the browser in this or a future page load due to poor network connectivity. If blocked in this page load, it will be confirmed in a subsequent console message. See https://www.chromestatus.com/feature/5718547946799104 for more details.", source: https://coinmarketcap.com/converter/ (1)
[70161:70161:1128/083042.746157:INFO:CONSOLE(1)] "react-i18next:: It seems you are still using the old wait option, you may migrate to the new useSuspense behaviour.", source: https://s2.coinmarketcap.com/_next/static/chunks/pages/_app-594dffddbbffcfc.js (1)
[70161:70161:1128/083042.746627:INFO:CONSOLE(1)] "react-i18next:: i18n.languages were undefined or empty undefined", source: https://s2.coinmarketcap.com/_next/static/chunks/pages/_app-594dffddbbffcfc.js (1)
[70161:70161:1128/083043.744544:INFO:CONSOLE(254)] "[Audigent] cannot find a required consent framework, halt execution", source: https://a.ad.gt/api/v1/u/matches/617?_it=amazon (254)
[70161:70161:1128/083044.491142:INFO:CONSOLE(0)] "Access to fetch at 'https://lb.eu-1-id5-sync.com/lb/v1' from origin 'https://coinmarketcap.com' has been blocked by CORS policy: No 'Access-Control-Allow-Origin' header is present on the requested resource. If an opaque response serves your needs, set the request's mode to 'no-cors' to fetch the resource with CORS disabled.", source: https://coinmarketcap.com/converter/ (0)
[70161:70161:1128/083044.840861:INFO:CONSOLE(0)] "Access to XMLHttpRequest at 'https://id5-sync.com/gm/v3' from origin 'https://coinmarketcap.com' has been blocked by CORS policy: No 'Access-Control-Allow-Origin' header is present on the requested resource.", source: https://coinmarketcap.com/converter/ (0)
[70161:70161:1128/083045.587037:INFO:CONSOLE(1)] "A parser-blocking, cross site (i.e. different eTLD+1) script, https://cdn.cookielaw.org/scripttemplates/otSDKStub.js, is invoked via document.write. The network request for this script MAY be blocked by the browser in this or a future page load due to poor network connectivity. If blocked in this page load, it will be confirmed in a subsequent console message. See https://www.chromestatus.com/feature/5718547946799104 for more details.", source: https://coinmarketcap.com/converter/ (1)
[70161:70161:1128/083045.587390:INFO:CONSOLE(1)] "A parser-blocking, cross site (i.e. different eTLD+1) script, https://cdn.cookielaw.org/scripttemplates/otSDKStub.js, is invoked via document.write. The network request for this script MAY be blocked by the browser in this or a future page load due to poor network connectivity. If blocked in this page load, it will be confirmed in a subsequent console message. See https://www.chromestatus.com/feature/5718547946799104 for more details.", source: https://coinmarketcap.com/converter/ (1)
[70161:70161:1128/083045.696324:INFO:CONSOLE(1)] "react-i18next:: It seems you are still using the old wait option, you may migrate to the new useSuspense behaviour.", source: https://s2.coinmarketcap.com/_next/static/chunks/pages/_app-594dffddbbffcfc.js (1)
[70161:70161:1128/083046.506836:INFO:CONSOLE(254)] "[Audigent] cannot find a required consent framework, halt execution", source: https://a.ad.gt/api/v1/u/matches/617?_it=amazon (254)
[70161:70161:1128/083047.561736:INFO:CONSOLE(0)] "Access to fetch at 'https://lb.eu-1-id5-sync.com/lb/v1' from origin 'https://coinmarketcap.com' has been blocked by CORS policy: No 'Access-Control-Allow-Origin' header is present on the requested resource. If an opaque response serves your needs, set the request's mode to 'no-cors' to fetch the resource with CORS disabled.", source: https://coinmarketcap.com/converter/ (0)
[70161:70161:1128/083047.684313:INFO:CONSOLE(0)] "Access to XMLHttpRequest at 'https://id5-sync.com/gm/v3' from origin 'https://coinmarketcap.com' has been blocked by CORS policy: No 'Access-Control-Allow-Origin' header is present on the requested resource.", source: https://coinmarketcap.com/converter/ (0)
[70161:70161:1128/083049.042570:INFO:CONSOLE(1)] "A parser-blocking, cross site (i.e. different eTLD+1) script, https://cdn.cookielaw.org/scripttemplates/otSDKStub.js, is invoked via document.write. The network request for this script MAY be blocked by the browser in this or a future page load due to poor network connectivity. If blocked in this page load, it will be confirmed in a subsequent console message. See https://www.chromestatus.com/feature/5718547946799104 for more details.", source: https://coinmarketcap.com/currencies/bitcoin/ (1)
[70161:70161:1128/083049.043357:INFO:CONSOLE(1)] "A parser-blocking, cross site (i.e. different eTLD+1) script, https://cdn.cookielaw.org/scripttemplates/otSDKStub.js, is invoked via document.write. The network request for this script MAY be blocked by the browser in this or a future page load due to poor network connectivity. If blocked in this page load, it will be confirmed in a subsequent console message. See https://www.chromestatus.com/feature/5718547946799104 for more details.", source: https://coinmarketcap.com/currencies/bitcoin/ (1)
[70161:70161:1128/083049.123159:INFO:CONSOLE(800)] "Error: <svg> attribute height: Expected length, "var(--c-font-siz…".", source: https://coinmarketcap.com/currencies/bitcoin/ (800)
[70161:70161:1128/083049.123617:INFO:CONSOLE(800)] "Error: <svg> attribute width: Expected length, "var(--c-font-siz…".", source: https://coinmarketcap.com/currencies/bitcoin/ (800)
[70161:70161:1128/083049.123977:INFO:CONSOLE(800)] "Error: <svg> attribute height: Expected length, "var(--c-font-siz…".", source: https://coinmarketcap.com/currencies/bitcoin/ (800)
[70161:70161:1128/083049.124284:INFO:CONSOLE(800)] "Error: <svg> attribute width: Expected length, "var(--c-font-siz…".", source: https://coinmarketcap.com/currencies/bitcoin/ (800)
[70161:70161:1128/083049.125316:INFO:CONSOLE(800)] "Error: <svg> attribute height: Expected length, "var(--c-font-siz…".", source: https://coinmarketcap.com/currencies/bitcoin/ (800)
[70161:70161:1128/083049.125713:INFO:CONSOLE(800)] "Error: <svg> attribute width: Expected length, "var(--c-font-siz…".", source: https://coinmarketcap.com/currencies/bitcoin/ (800)
[70161:70161:1128/083049.125968:INFO:CONSOLE(800)] "Error: <svg> attribute height: Expected length, "var(--c-font-siz…".", source: https://coinmarketcap.com/currencies/bitcoin/ (800)
[70161:70161:1128/083049.126600:INFO:CONSOLE(800)] "Error: <svg> attribute width: Expected length, "var(--c-font-siz…".", source: https://coinmarketcap.com/currencies/bitcoin/ (800)
[70161:70161:1128/083049.126961:INFO:CONSOLE(800)] "Error: <svg> attribute height: Expected length, "var(--c-font-siz…".", source: https://coinmarketcap.com/currencies/bitcoin/ (800)
[70161:70161:1128/083049.127234:INFO:CONSOLE(800)] "Error: <svg> attribute width: Expected length, "var(--c-font-siz…".", source: https://coinmarketcap.com/currencies/bitcoin/ (800)
[70161:70161:1128/083049.127531:INFO:CONSOLE(800)] "Error: <svg> attribute height: Expected length, "var(--c-font-siz…".", source: https://coinmarketcap.com/currencies/bitcoin/ (800)
[70161:70161:1128/083049.127808:INFO:CONSOLE(800)] "Error: <svg> attribute width: Expected length, "var(--c-font-siz…".", source: https://coinmarketcap.com/currencies/bitcoin/ (800)
[70161:70161:1128/083049.128076:INFO:CONSOLE(800)] "Error: <svg> attribute height: Expected length, "var(--c-font-siz…".", source: https://coinmarketcap.com/currencies/bitcoin/ (800)
[70161:70161:1128/083049.128340:INFO:CONSOLE(800)] "Error: <svg> attribute width: Expected length, "var(--c-font-siz…".", source: https://coinmarketcap.com/currencies/bitcoin/ (800)
[70161:70161:1128/083049.128523:INFO:CONSOLE(800)] "Error: <svg> attribute height: Expected length, "var(--c-font-siz…".", source: https://coinmarketcap.com/currencies/bitcoin/ (800)
[70161:70161:1128/083049.128697:INFO:CONSOLE(800)] "Error: <svg> attribute width: Expected length, "var(--c-font-siz…".", source: https://coinmarketcap.com/currencies/bitcoin/ (800)
[70161:70161:1128/083049.128863:INFO:CONSOLE(800)] "Error: <svg> attribute height: Expected length, "var(--c-font-siz…".", source: https://coinmarketcap.com/currencies/bitcoin/ (800)
[70161:70161:1128/083049.129094:INFO:CONSOLE(800)] "Error: <svg> attribute width: Expected length, "var(--c-font-siz…".", source: https://coinmarketcap.com/currencies/bitcoin/ (800)
[70161:70161:1128/083049.129295:INFO:CONSOLE(800)] "Error: <svg> attribute height: Expected length, "var(--c-font-siz…".", source: https://coinmarketcap.com/currencies/bitcoin/ (800)
[70161:70161:1128/083049.129480:INFO:CONSOLE(800)] "Error: <svg> attribute width: Expected length, "var(--c-font-siz…".", source: https://coinmarketcap.com/currencies/bitcoin/ (800)
[70161:70161:1128/083049.129653:INFO:CONSOLE(800)] "Error: <svg> attribute height: Expected length, "var(--c-font-siz…".", source: https://coinmarketcap.com/currencies/bitcoin/ (800)
[70161:70161:1128/083049.129915:INFO:CONSOLE(800)] "Error: <svg> attribute width: Expected length, "var(--c-font-siz…".", source: https://coinmarketcap.com/currencies/bitcoin/ (800)
[70161:70161:1128/083049.130097:INFO:CONSOLE(800)] "Error: <svg> attribute height: Expected length, "var(--c-font-siz…".", source: https://coinmarketcap.com/currencies/bitcoin/ (800)
[70161:70161:1128/083049.130306:INFO:CONSOLE(800)] "Error: <svg> attribute width: Expected length, "var(--c-font-siz…".", source: https://coinmarketcap.com/currencies/bitcoin/ (800)
[70161:70161:1128/083049.130494:INFO:CONSOLE(800)] "Error: <svg> attribute height: Expected length, "var(--c-font-siz…".", source: https://coinmarketcap.com/currencies/bitcoin/ (800)
[70161:70161:1128/083049.130697:INFO:CONSOLE(800)] "Error: <svg> attribute width: Expected length, "var(--c-font-siz…".", source: https://coinmarketcap.com/currencies/bitcoin/ (800)
[70161:70161:1128/083049.130878:INFO:CONSOLE(800)] "Error: <svg> attribute height: Expected length, "var(--c-font-siz…".", source: https://coinmarketcap.com/currencies/bitcoin/ (800)
[70161:70161:1128/083049.131072:INFO:CONSOLE(800)] "Error: <svg> attribute width: Expected length, "var(--c-font-siz…".", source: https://coinmarketcap.com/currencies/bitcoin/ (800)
[70161:70161:1128/083049.131281:INFO:CONSOLE(800)] "Error: <svg> attribute height: Expected length, "var(--c-font-siz…".", source: https://coinmarketcap.com/currencies/bitcoin/ (800)
[70161:70161:1128/083049.131490:INFO:CONSOLE(800)] "Error: <svg> attribute width: Expected length, "var(--c-font-siz…".", source: https://coinmarketcap.com/currencies/bitcoin/ (800)
[70161:70161:1128/083049.131671:INFO:CONSOLE(800)] "Error: <svg> attribute height: Expected length, "var(--c-font-siz…".", source: https://coinmarketcap.com/currencies/bitcoin/ (800)
[70161:70161:1128/083049.131850:INFO:CONSOLE(800)] "Error: <svg> attribute width: Expected length, "var(--c-font-siz…".", source: https://coinmarketcap.com/currencies/bitcoin/ (800)
[70161:70161:1128/083049.132023:INFO:CONSOLE(800)] "Error: <svg> attribute height: Expected length, "var(--c-font-siz…".", source: https://coinmarketcap.com/currencies/bitcoin/ (800)
[70161:70161:1128/083049.132408:INFO:CONSOLE(800)] "Error: <svg> attribute width: Expected length, "var(--c-font-siz…".", source: https://coinmarketcap.com/currencies/bitcoin/ (800)
[70161:70161:1128/083049.320168:INFO:CONSOLE(1)] "react-i18next:: It seems you are still using the old wait option, you may migrate to the new useSuspense behaviour.", source: https://s2.coinmarketcap.com/_next/static/chunks/pages/_app-594dffddbbffcfc.js (1)
[70161:70161:1128/083049.320698:INFO:CONSOLE(1)] "react-i18next:: i18n.languages were undefined or empty undefined", source: https://s2.coinmarketcap.com/_next/static/chunks/pages/_app-594dffddbbffcfc.js (1)
[70161:70161:1128/083049.775611:INFO:CONSOLE(1)] "Error: <svg> attribute height: Expected length, "var(--c-font-siz…".", source: https://s2.coinmarketcap.com/_next/static/chunks/framework-a01a042509ba197.js (1)
[70161:70161:1128/083049.775965:INFO:CONSOLE(1)] "Error: <svg> attribute width: Expected length, "var(--c-font-siz…".", source: https://s2.coinmarketcap.com/_next/static/chunks/framework-a01a042509ba197.js (1)
[70161:70161:1128/083049.776687:INFO:CONSOLE(1)] "Error: <svg> attribute height: Expected length, "var(--c-font-siz…".", source: https://s2.coinmarketcap.com/_next/static/chunks/framework-a01a042509ba197.js (1)
[70161:70161:1128/083049.776981:INFO:CONSOLE(1)] "Error: <svg> attribute width: Expected length, "var(--c-font-siz…".", source: https://s2.coinmarketcap.com/_next/static/chunks/framework-a01a042509ba197.js (1)
[70161:70161:1128/083051.241880:INFO:CONSOLE(254)] "[Audigent] cannot find a required consent framework, halt execution", source: https://a.ad.gt/api/v1/u/matches/617?_it=amazon (254)
[70161:70161:1128/083051.242899:INFO:CONSOLE(0)] "Access to fetch at 'https://lb.eu-1-id5-sync.com/lb/v1' from origin 'https://coinmarketcap.com' has been blocked by CORS policy: No 'Access-Control-Allow-Origin' header is present on the requested resource. If an opaque response serves your needs, set the request's mode to 'no-cors' to fetch the resource with CORS disabled.", source: https://coinmarketcap.com/currencies/bitcoin/ (0)
[70161:70161:1128/083051.351594:INFO:CONSOLE(0)] "Access to XMLHttpRequest at 'https://id5-sync.com/gm/v3' from origin 'https://coinmarketcap.com' has been blocked by CORS policy: No 'Access-Control-Allow-Origin' header is present on the requested resource.", source: https://coinmarketcap.com/currencies/bitcoin/ (0)
[70161:70183:1128/083056.195626:ERROR:bus.cc(407)] Failed to connect to the bus: Failed to connect to socket /run/user/1000/bus: No such file or directory
[70161:70183:1128/083056.196015:ERROR:bus.cc(407)] Failed to connect to the bus: Failed to connect to socket /run/user/1000/bus: No such file or directory
[70161:70161:1128/083058.990512:INFO:CONSOLE(1)] "A parser-blocking, cross site (i.e. different eTLD+1) script, https://cdn.cookielaw.org/scripttemplates/otSDKStub.js, is invoked via document.write. The network request for this script MAY be blocked by the browser in this or a future page load due to poor network connectivity. If blocked in this page load, it will be confirmed in a subsequent console message. See https://www.chromestatus.com/feature/5718547946799104 for more details.", source: https://coinmarketcap.com/currencies/bitcoin/ (1)
[70161:70161:1128/083058.991607:INFO:CONSOLE(1)] "A parser-blocking, cross site (i.e. different eTLD+1) script, https://cdn.cookielaw.org/scripttemplates/otSDKStub.js, is invoked via document.write. The network request for this script MAY be blocked by the browser in this or a future page load due to poor network connectivity. If blocked in this page load, it will be confirmed in a subsequent console message. See https://www.chromestatus.com/feature/5718547946799104 for more details.", source: https://coinmarketcap.com/currencies/bitcoin/ (1)
[70161:70161:1128/083059.024244:INFO:CONSOLE(800)] "Error: <svg> attribute height: Expected length, "var(--c-font-siz…".", source: https://coinmarketcap.com/currencies/bitcoin/ (800)
[70161:70161:1128/083059.024857:INFO:CONSOLE(800)] "Error: <svg> attribute width: Expected length, "var(--c-font-siz…".", source: https://coinmarketcap.com/currencies/bitcoin/ (800)
[70161:70161:1128/083059.025134:INFO:CONSOLE(800)] "Error: <svg> attribute height: Expected length, "var(--c-font-siz…".", source: https://coinmarketcap.com/currencies/bitcoin/ (800)
[70161:70161:1128/083059.025426:INFO:CONSOLE(800)] "Error: <svg> attribute width: Expected length, "var(--c-font-siz…".", source: https://coinmarketcap.com/currencies/bitcoin/ (800)
[70161:70161:1128/083059.029074:INFO:CONSOLE(800)] "Error: <svg> attribute height: Expected length, "var(--c-font-siz…".", source: https://coinmarketcap.com/currencies/bitcoin/ (800)
[70161:70161:1128/083059.029925:INFO:CONSOLE(800)] "Error: <svg> attribute width: Expected length, "var(--c-font-siz…".", source: https://coinmarketcap.com/currencies/bitcoin/ (800)
[70161:70161:1128/083059.030471:INFO:CONSOLE(800)] "Error: <svg> attribute height: Expected length, "var(--c-font-siz…".", source: https://coinmarketcap.com/currencies/bitcoin/ (800)
[70161:70161:1128/083059.031104:INFO:CONSOLE(800)] "Error: <svg> attribute width: Expected length, "var(--c-font-siz…".", source: https://coinmarketcap.com/currencies/bitcoin/ (800)
[70161:70161:1128/083059.031769:INFO:CONSOLE(800)] "Error: <svg> attribute height: Expected length, "var(--c-font-siz…".", source: https://coinmarketcap.com/currencies/bitcoin/ (800)
[70161:70161:1128/083059.032343:INFO:CONSOLE(800)] "Error: <svg> attribute width: Expected length, "var(--c-font-siz…".", source: https://coinmarketcap.com/currencies/bitcoin/ (800)
[70161:70161:1128/083059.032889:INFO:CONSOLE(800)] "Error: <svg> attribute height: Expected length, "var(--c-font-siz…".", source: https://coinmarketcap.com/currencies/bitcoin/ (800)
[70161:70161:1128/083059.033362:INFO:CONSOLE(800)] "Error: <svg> attribute width: Expected length, "var(--c-font-siz…".", source: https://coinmarketcap.com/currencies/bitcoin/ (800)
[70161:70161:1128/083059.033879:INFO:CONSOLE(800)] "Error: <svg> attribute height: Expected length, "var(--c-font-siz…".", source: https://coinmarketcap.com/currencies/bitcoin/ (800)
[70161:70161:1128/083059.034157:INFO:CONSOLE(800)] "Error: <svg> attribute width: Expected length, "var(--c-font-siz…".", source: https://coinmarketcap.com/currencies/bitcoin/ (800)
[70161:70161:1128/083059.034429:INFO:CONSOLE(800)] "Error: <svg> attribute height: Expected length, "var(--c-font-siz…".", source: https://coinmarketcap.com/currencies/bitcoin/ (800)
[70161:70161:1128/083059.034774:INFO:CONSOLE(800)] "Error: <svg> attribute width: Expected length, "var(--c-font-siz…".", source: https://coinmarketcap.com/currencies/bitcoin/ (800)
[70161:70161:1128/083059.035144:INFO:CONSOLE(800)] "Error: <svg> attribute height: Expected length, "var(--c-font-siz…".", source: https://coinmarketcap.com/currencies/bitcoin/ (800)
[70161:70161:1128/083059.035406:INFO:CONSOLE(800)] "Error: <svg> attribute width: Expected length, "var(--c-font-siz…".", source: https://coinmarketcap.com/currencies/bitcoin/ (800)
[70161:70161:1128/083059.035811:INFO:CONSOLE(800)] "Error: <svg> attribute height: Expected length, "var(--c-font-siz…".", source: https://coinmarketcap.com/currencies/bitcoin/ (800)
[70161:70161:1128/083059.036239:INFO:CONSOLE(800)] "Error: <svg> attribute width: Expected length, "var(--c-font-siz…".", source: https://coinmarketcap.com/currencies/bitcoin/ (800)
[70161:70161:1128/083059.036685:INFO:CONSOLE(800)] "Error: <svg> attribute height: Expected length, "var(--c-font-siz…".", source: https://coinmarketcap.com/currencies/bitcoin/ (800)
[70161:70161:1128/083059.036969:INFO:CONSOLE(800)] "Error: <svg> attribute width: Expected length, "var(--c-font-siz…".", source: https://coinmarketcap.com/currencies/bitcoin/ (800)
[70161:70161:1128/083059.091134:INFO:CONSOLE(800)] "Error: <svg> attribute height: Expected length, "var(--c-font-siz…".", source: https://coinmarketcap.com/currencies/bitcoin/ (800)
[70161:70161:1128/083059.091602:INFO:CONSOLE(800)] "Error: <svg> attribute width: Expected length, "var(--c-font-siz…".", source: https://coinmarketcap.com/currencies/bitcoin/ (800)
[70161:70161:1128/083059.091848:INFO:CONSOLE(800)] "Error: <svg> attribute height: Expected length, "var(--c-font-siz…".", source: https://coinmarketcap.com/currencies/bitcoin/ (800)
[70161:70161:1128/083059.092088:INFO:CONSOLE(800)] "Error: <svg> attribute width: Expected length, "var(--c-font-siz…".", source: https://coinmarketcap.com/currencies/bitcoin/ (800)
[70161:70161:1128/083059.092465:INFO:CONSOLE(800)] "Error: <svg> attribute height: Expected length, "var(--c-font-siz…".", source: https://coinmarketcap.com/currencies/bitcoin/ (800)
[70161:70161:1128/083059.092663:INFO:CONSOLE(800)] "Error: <svg> attribute width: Expected length, "var(--c-font-siz…".", source: https://coinmarketcap.com/currencies/bitcoin/ (800)
[70161:70161:1128/083059.092865:INFO:CONSOLE(800)] "Error: <svg> attribute height: Expected length, "var(--c-font-siz…".", source: https://coinmarketcap.com/currencies/bitcoin/ (800)
[70161:70161:1128/083059.093047:INFO:CONSOLE(800)] "Error: <svg> attribute width: Expected length, "var(--c-font-siz…".", source: https://coinmarketcap.com/currencies/bitcoin/ (800)
[70161:70161:1128/083059.093277:INFO:CONSOLE(800)] "Error: <svg> attribute height: Expected length, "var(--c-font-siz…".", source: https://coinmarketcap.com/currencies/bitcoin/ (800)
[70161:70161:1128/083059.093496:INFO:CONSOLE(800)] "Error: <svg> attribute width: Expected length, "var(--c-font-siz…".", source: https://coinmarketcap.com/currencies/bitcoin/ (800)
[70161:70161:1128/083059.093719:INFO:CONSOLE(800)] "Error: <svg> attribute height: Expected length, "var(--c-font-siz…".", source: https://coinmarketcap.com/currencies/bitcoin/ (800)
[70161:70161:1128/083059.093982:INFO:CONSOLE(800)] "Error: <svg> attribute width: Expected length, "var(--c-font-siz…".", source: https://coinmarketcap.com/currencies/bitcoin/ (800)
[70161:70161:1128/083059.224108:INFO:CONSOLE(1)] "react-i18next:: It seems you are still using the old wait option, you may migrate to the new useSuspense behaviour.", source: https://s2.coinmarketcap.com/_next/static/chunks/pages/_app-594dffddbbffcfc.js (1)
[70161:70161:1128/083059.546442:INFO:CONSOLE(1)] "Error: <svg> attribute height: Expected length, "var(--c-font-siz…".", source: https://s2.coinmarketcap.com/_next/static/chunks/framework-a01a042509ba197.js (1)
[70161:70161:1128/083059.547014:INFO:CONSOLE(1)] "Error: <svg> attribute width: Expected length, "var(--c-font-siz…".", source: https://s2.coinmarketcap.com/_next/static/chunks/framework-a01a042509ba197.js (1)
[70161:70161:1128/083059.549911:INFO:CONSOLE(1)] "Error: <svg> attribute height: Expected length, "var(--c-font-siz…".", source: https://s2.coinmarketcap.com/_next/static/chunks/framework-a01a042509ba197.js (1)
[70161:70161:1128/083059.550483:INFO:CONSOLE(1)] "Error: <svg> attribute width: Expected length, "var(--c-font-siz…".", source: https://s2.coinmarketcap.com/_next/static/chunks/framework-a01a042509ba197.js (1)
[70161:70161:1128/083102.364046:INFO:CONSOLE(254)] "[Audigent] cannot find a required consent framework, halt execution", source: https://a.ad.gt/api/v1/u/matches/617?_it=amazon (254)
[70161:70161:1128/083102.802760:INFO:CONSOLE(1)] "A parser-blocking, cross site (i.e. different eTLD+1) script, https://cdn.cookielaw.org/scripttemplates/otSDKStub.js, is invoked via document.write. The network request for this script MAY be blocked by the browser in this or a future page load due to poor network connectivity. If blocked in this page load, it will be confirmed in a subsequent console message. See https://www.chromestatus.com/feature/5718547946799104 for more details.", source: https://coinmarketcap.com/currencies/bitcoin/ (1)
[70161:70161:1128/083102.803167:INFO:CONSOLE(1)] "A parser-blocking, cross site (i.e. different eTLD+1) script, https://cdn.cookielaw.org/scripttemplates/otSDKStub.js, is invoked via document.write. The network request for this script MAY be blocked by the browser in this or a future page load due to poor network connectivity. If blocked in this page load, it will be confirmed in a subsequent console message. See https://www.chromestatus.com/feature/5718547946799104 for more details.", source: https://coinmarketcap.com/currencies/bitcoin/ (1)
[70161:70161:1128/083102.836348:INFO:CONSOLE(800)] "Error: <svg> attribute height: Expected length, "var(--c-font-siz…".", source: https://coinmarketcap.com/currencies/bitcoin/ (800)
[70161:70161:1128/083102.836788:INFO:CONSOLE(800)] "Error: <svg> attribute width: Expected length, "var(--c-font-siz…".", source: https://coinmarketcap.com/currencies/bitcoin/ (800)
[70161:70161:1128/083102.837090:INFO:CONSOLE(800)] "Error: <svg> attribute height: Expected length, "var(--c-font-siz…".", source: https://coinmarketcap.com/currencies/bitcoin/ (800)
[70161:70161:1128/083102.837514:INFO:CONSOLE(800)] "Error: <svg> attribute width: Expected length, "var(--c-font-siz…".", source: https://coinmarketcap.com/currencies/bitcoin/ (800)
[70161:70161:1128/083102.839059:INFO:CONSOLE(800)] "Error: <svg> attribute height: Expected length, "var(--c-font-siz…".", source: https://coinmarketcap.com/currencies/bitcoin/ (800)
[70161:70161:1128/083102.839352:INFO:CONSOLE(800)] "Error: <svg> attribute width: Expected length, "var(--c-font-siz…".", source: https://coinmarketcap.com/currencies/bitcoin/ (800)
[70161:70161:1128/083102.839715:INFO:CONSOLE(800)] "Error: <svg> attribute height: Expected length, "var(--c-font-siz…".", source: https://coinmarketcap.com/currencies/bitcoin/ (800)
[70161:70161:1128/083102.839908:INFO:CONSOLE(800)] "Error: <svg> attribute width: Expected length, "var(--c-font-siz…".", source: https://coinmarketcap.com/currencies/bitcoin/ (800)
[70161:70161:1128/083102.840152:INFO:CONSOLE(800)] "Error: <svg> attribute height: Expected length, "var(--c-font-siz…".", source: https://coinmarketcap.com/currencies/bitcoin/ (800)
[70161:70161:1128/083102.840458:INFO:CONSOLE(800)] "Error: <svg> attribute width: Expected length, "var(--c-font-siz…".", source: https://coinmarketcap.com/currencies/bitcoin/ (800)
[70161:70161:1128/083102.840693:INFO:CONSOLE(800)] "Error: <svg> attribute height: Expected length, "var(--c-font-siz…".", source: https://coinmarketcap.com/currencies/bitcoin/ (800)
[70161:70161:1128/083102.841151:INFO:CONSOLE(800)] "Error: <svg> attribute width: Expected length, "var(--c-font-siz…".", source: https://coinmarketcap.com/currencies/bitcoin/ (800)
[70161:70161:1128/083102.841444:INFO:CONSOLE(800)] "Error: <svg> attribute height: Expected length, "var(--c-font-siz…".", source: https://coinmarketcap.com/currencies/bitcoin/ (800)
[70161:70161:1128/083102.841682:INFO:CONSOLE(800)] "Error: <svg> attribute width: Expected length, "var(--c-font-siz…".", source: https://coinmarketcap.com/currencies/bitcoin/ (800)
[70161:70161:1128/083102.841872:INFO:CONSOLE(800)] "Error: <svg> attribute height: Expected length, "var(--c-font-siz…".", source: https://coinmarketcap.com/currencies/bitcoin/ (800)
[70161:70161:1128/083102.842168:INFO:CONSOLE(800)] "Error: <svg> attribute width: Expected length, "var(--c-font-siz…".", source: https://coinmarketcap.com/currencies/bitcoin/ (800)
[70161:70161:1128/083102.842520:INFO:CONSOLE(800)] "Error: <svg> attribute height: Expected length, "var(--c-font-siz…".", source: https://coinmarketcap.com/currencies/bitcoin/ (800)
[70161:70161:1128/083102.842806:INFO:CONSOLE(800)] "Error: <svg> attribute width: Expected length, "var(--c-font-siz…".", source: https://coinmarketcap.com/currencies/bitcoin/ (800)
[70161:70161:1128/083102.843017:INFO:CONSOLE(800)] "Error: <svg> attribute height: Expected length, "var(--c-font-siz…".", source: https://coinmarketcap.com/currencies/bitcoin/ (800)
[70161:70161:1128/083102.843227:INFO:CONSOLE(800)] "Error: <svg> attribute width: Expected length, "var(--c-font-siz…".", source: https://coinmarketcap.com/currencies/bitcoin/ (800)
[70161:70161:1128/083102.843454:INFO:CONSOLE(800)] "Error: <svg> attribute height: Expected length, "var(--c-font-siz…".", source: https://coinmarketcap.com/currencies/bitcoin/ (800)
[70161:70161:1128/083102.843684:INFO:CONSOLE(800)] "Error: <svg> attribute width: Expected length, "var(--c-font-siz…".", source: https://coinmarketcap.com/currencies/bitcoin/ (800)
[70161:70161:1128/083102.843877:INFO:CONSOLE(800)] "Error: <svg> attribute height: Expected length, "var(--c-font-siz…".", source: https://coinmarketcap.com/currencies/bitcoin/ (800)
[70161:70161:1128/083102.844048:INFO:CONSOLE(800)] "Error: <svg> attribute width: Expected length, "var(--c-font-siz…".", source: https://coinmarketcap.com/currencies/bitcoin/ (800)
[70161:70161:1128/083102.878041:INFO:CONSOLE(800)] "Error: <svg> attribute height: Expected length, "var(--c-font-siz…".", source: https://coinmarketcap.com/currencies/bitcoin/ (800)
[70161:70161:1128/083102.878549:INFO:CONSOLE(800)] "Error: <svg> attribute width: Expected length, "var(--c-font-siz…".", source: https://coinmarketcap.com/currencies/bitcoin/ (800)
[70161:70161:1128/083102.878789:INFO:CONSOLE(800)] "Error: <svg> attribute height: Expected length, "var(--c-font-siz…".", source: https://coinmarketcap.com/currencies/bitcoin/ (800)
[70161:70161:1128/083102.879048:INFO:CONSOLE(800)] "Error: <svg> attribute width: Expected length, "var(--c-font-siz…".", source: https://coinmarketcap.com/currencies/bitcoin/ (800)
[70161:70161:1128/083102.879378:INFO:CONSOLE(800)] "Error: <svg> attribute height: Expected length, "var(--c-font-siz…".", source: https://coinmarketcap.com/currencies/bitcoin/ (800)
[70161:70161:1128/083102.879600:INFO:CONSOLE(800)] "Error: <svg> attribute width: Expected length, "var(--c-font-siz…".", source: https://coinmarketcap.com/currencies/bitcoin/ (800)
[70161:70161:1128/083102.879974:INFO:CONSOLE(800)] "Error: <svg> attribute height: Expected length, "var(--c-font-siz…".", source: https://coinmarketcap.com/currencies/bitcoin/ (800)
[70161:70161:1128/083102.880296:INFO:CONSOLE(800)] "Error: <svg> attribute width: Expected length, "var(--c-font-siz…".", source: https://coinmarketcap.com/currencies/bitcoin/ (800)
[70161:70161:1128/083102.880567:INFO:CONSOLE(800)] "Error: <svg> attribute height: Expected length, "var(--c-font-siz…".", source: https://coinmarketcap.com/currencies/bitcoin/ (800)
[70161:70161:1128/083102.880806:INFO:CONSOLE(800)] "Error: <svg> attribute width: Expected length, "var(--c-font-siz…".", source: https://coinmarketcap.com/currencies/bitcoin/ (800)
[70161:70161:1128/083102.987201:INFO:CONSOLE(1)] "react-i18next:: It seems you are still using the old wait option, you may migrate to the new useSuspense behaviour.", source: https://s2.coinmarketcap.com/_next/static/chunks/pages/_app-594dffddbbffcfc.js (1)
[70161:70161:1128/083103.296699:INFO:CONSOLE(1)] "Error: <svg> attribute height: Expected length, "var(--c-font-siz…".", source: https://s2.coinmarketcap.com/_next/static/chunks/framework-a01a042509ba197.js (1)
[70161:70161:1128/083103.297605:INFO:CONSOLE(1)] "Error: <svg> attribute width: Expected length, "var(--c-font-siz…".", source: https://s2.coinmarketcap.com/_next/static/chunks/framework-a01a042509ba197.js (1)
[70161:70161:1128/083103.299383:INFO:CONSOLE(1)] "Error: <svg> attribute height: Expected length, "var(--c-font-siz…".", source: https://s2.coinmarketcap.com/_next/static/chunks/framework-a01a042509ba197.js (1)
[70161:70161:1128/083103.299906:INFO:CONSOLE(1)] "Error: <svg> attribute width: Expected length, "var(--c-font-siz…".", source: https://s2.coinmarketcap.com/_next/static/chunks/framework-a01a042509ba197.js (1)
[70161:70161:1128/083106.039195:INFO:CONSOLE(254)] "[Audigent] cannot find a required consent framework, halt execution", source: https://a.ad.gt/api/v1/u/matches/617?_it=amazon (254)
[70197:70202:1128/083106.902890:WARNING:spdy_session.cc(2966)] Received HEADERS for invalid stream 1
[70161:70161:1128/083106.907009:INFO:CONSOLE(1)] "A parser-blocking, cross site (i.e. different eTLD+1) script, https://cdn.cookielaw.org/scripttemplates/otSDKStub.js, is invoked via document.write. The network request for this script MAY be blocked by the browser in this or a future page load due to poor network connectivity. If blocked in this page load, it will be confirmed in a subsequent console message. See https://www.chromestatus.com/feature/5718547946799104 for more details.", source: https://coinmarketcap.com/currencies/bitcoin/ (1)
[70161:70161:1128/083106.907753:INFO:CONSOLE(1)] "A parser-blocking, cross site (i.e. different eTLD+1) script, https://cdn.cookielaw.org/scripttemplates/otSDKStub.js, is invoked via document.write. The network request for this script MAY be blocked by the browser in this or a future page load due to poor network connectivity. If blocked in this page load, it will be confirmed in a subsequent console message. See https://www.chromestatus.com/feature/5718547946799104 for more details.", source: https://coinmarketcap.com/currencies/bitcoin/ (1)
[70161:70161:1128/083106.941113:INFO:CONSOLE(800)] "Error: <svg> attribute height: Expected length, "var(--c-font-siz…".", source: https://coinmarketcap.com/currencies/bitcoin/ (800)
[70161:70161:1128/083106.941979:INFO:CONSOLE(800)] "Error: <svg> attribute width: Expected length, "var(--c-font-siz…".", source: https://coinmarketcap.com/currencies/bitcoin/ (800)
[70161:70161:1128/083106.943033:INFO:CONSOLE(800)] "Error: <svg> attribute height: Expected length, "var(--c-font-siz…".", source: https://coinmarketcap.com/currencies/bitcoin/ (800)
[70161:70161:1128/083106.944751:INFO:CONSOLE(800)] "Error: <svg> attribute width: Expected length, "var(--c-font-siz…".", source: https://coinmarketcap.com/currencies/bitcoin/ (800)
[70161:70161:1128/083106.946078:INFO:CONSOLE(800)] "Error: <svg> attribute height: Expected length, "var(--c-font-siz…".", source: https://coinmarketcap.com/currencies/bitcoin/ (800)
[70161:70161:1128/083106.946785:INFO:CONSOLE(800)] "Error: <svg> attribute width: Expected length, "var(--c-font-siz…".", source: https://coinmarketcap.com/currencies/bitcoin/ (800)
[70161:70161:1128/083106.947863:INFO:CONSOLE(800)] "Error: <svg> attribute height: Expected length, "var(--c-font-siz…".", source: https://coinmarketcap.com/currencies/bitcoin/ (800)
[70161:70161:1128/083106.948919:INFO:CONSOLE(800)] "Error: <svg> attribute width: Expected length, "var(--c-font-siz…".", source: https://coinmarketcap.com/currencies/bitcoin/ (800)
[70161:70161:1128/083106.949932:INFO:CONSOLE(800)] "Error: <svg> attribute height: Expected length, "var(--c-font-siz…".", source: https://coinmarketcap.com/currencies/bitcoin/ (800)
[70161:70161:1128/083106.950689:INFO:CONSOLE(800)] "Error: <svg> attribute width: Expected length, "var(--c-font-siz…".", source: https://coinmarketcap.com/currencies/bitcoin/ (800)
[70161:70161:1128/083106.951242:INFO:CONSOLE(800)] "Error: <svg> attribute height: Expected length, "var(--c-font-siz…".", source: https://coinmarketcap.com/currencies/bitcoin/ (800)
[70161:70161:1128/083106.951774:INFO:CONSOLE(800)] "Error: <svg> attribute width: Expected length, "var(--c-font-siz…".", source: https://coinmarketcap.com/currencies/bitcoin/ (800)
[70161:70161:1128/083106.952252:INFO:CONSOLE(800)] "Error: <svg> attribute height: Expected length, "var(--c-font-siz…".", source: https://coinmarketcap.com/currencies/bitcoin/ (800)
[70161:70161:1128/083106.952908:INFO:CONSOLE(800)] "Error: <svg> attribute width: Expected length, "var(--c-font-siz…".", source: https://coinmarketcap.com/currencies/bitcoin/ (800)
[70161:70161:1128/083106.954566:INFO:CONSOLE(800)] "Error: <svg> attribute height: Expected length, "var(--c-font-siz…".", source: https://coinmarketcap.com/currencies/bitcoin/ (800)
[70161:70161:1128/083106.955737:INFO:CONSOLE(800)] "Error: <svg> attribute width: Expected length, "var(--c-font-siz…".", source: https://coinmarketcap.com/currencies/bitcoin/ (800)
[70161:70161:1128/083106.957364:INFO:CONSOLE(800)] "Error: <svg> attribute height: Expected length, "var(--c-font-siz…".", source: https://coinmarketcap.com/currencies/bitcoin/ (800)
[70161:70161:1128/083106.957918:INFO:CONSOLE(800)] "Error: <svg> attribute width: Expected length, "var(--c-font-siz…".", source: https://coinmarketcap.com/currencies/bitcoin/ (800)
[70161:70161:1128/083106.958580:INFO:CONSOLE(800)] "Error: <svg> attribute height: Expected length, "var(--c-font-siz…".", source: https://coinmarketcap.com/currencies/bitcoin/ (800)
[70161:70161:1128/083106.959033:INFO:CONSOLE(800)] "Error: <svg> attribute width: Expected length, "var(--c-font-siz…".", source: https://coinmarketcap.com/currencies/bitcoin/ (800)
[70161:70161:1128/083106.959440:INFO:CONSOLE(800)] "Error: <svg> attribute height: Expected length, "var(--c-font-siz…".", source: https://coinmarketcap.com/currencies/bitcoin/ (800)
[70161:70161:1128/083106.960076:INFO:CONSOLE(800)] "Error: <svg> attribute width: Expected length, "var(--c-font-siz…".", source: https://coinmarketcap.com/currencies/bitcoin/ (800)
[70161:70161:1128/083106.960729:INFO:CONSOLE(800)] "Error: <svg> attribute height: Expected length, "var(--c-font-siz…".", source: https://coinmarketcap.com/currencies/bitcoin/ (800)
[70161:70161:1128/083106.961278:INFO:CONSOLE(800)] "Error: <svg> attribute width: Expected length, "var(--c-font-siz…".", source: https://coinmarketcap.com/currencies/bitcoin/ (800)
[70161:70161:1128/083106.962119:INFO:CONSOLE(800)] "Error: <svg> attribute height: Expected length, "var(--c-font-siz…".", source: https://coinmarketcap.com/currencies/bitcoin/ (800)
[70161:70161:1128/083106.962676:INFO:CONSOLE(800)] "Error: <svg> attribute width: Expected length, "var(--c-font-siz…".", source: https://coinmarketcap.com/currencies/bitcoin/ (800)
[70161:70161:1128/083106.963350:INFO:CONSOLE(800)] "Error: <svg> attribute height: Expected length, "var(--c-font-siz…".", source: https://coinmarketcap.com/currencies/bitcoin/ (800)
[70161:70161:1128/083106.964027:INFO:CONSOLE(800)] "Error: <svg> attribute width: Expected length, "var(--c-font-siz…".", source: https://coinmarketcap.com/currencies/bitcoin/ (800)
[70161:70161:1128/083106.964787:INFO:CONSOLE(800)] "Error: <svg> attribute height: Expected length, "var(--c-font-siz…".", source: https://coinmarketcap.com/currencies/bitcoin/ (800)
[70161:70161:1128/083106.965528:INFO:CONSOLE(800)] "Error: <svg> attribute width: Expected length, "var(--c-font-siz…".", source: https://coinmarketcap.com/currencies/bitcoin/ (800)
[70161:70161:1128/083106.966786:INFO:CONSOLE(800)] "Error: <svg> attribute height: Expected length, "var(--c-font-siz…".", source: https://coinmarketcap.com/currencies/bitcoin/ (800)
[70161:70161:1128/083106.967330:INFO:CONSOLE(800)] "Error: <svg> attribute width: Expected length, "var(--c-font-siz…".", source: https://coinmarketcap.com/currencies/bitcoin/ (800)
[70161:70161:1128/083106.967633:INFO:CONSOLE(800)] "Error: <svg> attribute height: Expected length, "var(--c-font-siz…".", source: https://coinmarketcap.com/currencies/bitcoin/ (800)
[70161:70161:1128/083106.967858:INFO:CONSOLE(800)] "Error: <svg> attribute width: Expected length, "var(--c-font-siz…".", source: https://coinmarketcap.com/currencies/bitcoin/ (800)
[70161:70161:1128/083107.113290:INFO:CONSOLE(1)] "react-i18next:: It seems you are still using the old wait option, you may migrate to the new useSuspense behaviour.", source: https://s2.coinmarketcap.com/_next/static/chunks/pages/_app-594dffddbbffcfc.js (1)
[70161:70161:1128/083107.498687:INFO:CONSOLE(1)] "Error: <svg> attribute height: Expected length, "var(--c-font-siz…".", source: https://s2.coinmarketcap.com/_next/static/chunks/framework-a01a042509ba197.js (1)
[70161:70161:1128/083107.500052:INFO:CONSOLE(1)] "Error: <svg> attribute width: Expected length, "var(--c-font-siz…".", source: https://s2.coinmarketcap.com/_next/static/chunks/framework-a01a042509ba197.js (1)
[70161:70161:1128/083107.503791:INFO:CONSOLE(1)] "Error: <svg> attribute height: Expected length, "var(--c-font-siz…".", source: https://s2.coinmarketcap.com/_next/static/chunks/framework-a01a042509ba197.js (1)
[70161:70161:1128/083107.504415:INFO:CONSOLE(1)] "Error: <svg> attribute width: Expected length, "var(--c-font-siz…".", source: https://s2.coinmarketcap.com/_next/static/chunks/framework-a01a042509ba197.js (1)
[70161:70161:1128/083110.169843:INFO:CONSOLE(254)] "[Audigent] cannot find a required consent framework, halt execution", source: https://a.ad.gt/api/v1/u/matches/617?_it=amazon (254)
[70161:70161:1128/083110.814423:INFO:CONSOLE(1)] "A parser-blocking, cross site (i.e. different eTLD+1) script, https://cdn.cookielaw.org/scripttemplates/otSDKStub.js, is invoked via document.write. The network request for this script MAY be blocked by the browser in this or a future page load due to poor network connectivity. If blocked in this page load, it will be confirmed in a subsequent console message. See https://www.chromestatus.com/feature/5718547946799104 for more details.", source: https://coinmarketcap.com/currencies/bitcoin/ (1)
[70161:70161:1128/083110.816743:INFO:CONSOLE(1)] "A parser-blocking, cross site (i.e. different eTLD+1) script, https://cdn.cookielaw.org/scripttemplates/otSDKStub.js, is invoked via document.write. The network request for this script MAY be blocked by the browser in this or a future page load due to poor network connectivity. If blocked in this page load, it will be confirmed in a subsequent console message. See https://www.chromestatus.com/feature/5718547946799104 for more details.", source: https://coinmarketcap.com/currencies/bitcoin/ (1)
[70161:70161:1128/083110.860377:INFO:CONSOLE(800)] "Error: <svg> attribute height: Expected length, "var(--c-font-siz…".", source: https://coinmarketcap.com/currencies/bitcoin/ (800)
[70161:70161:1128/083110.860774:INFO:CONSOLE(800)] "Error: <svg> attribute width: Expected length, "var(--c-font-siz…".", source: https://coinmarketcap.com/currencies/bitcoin/ (800)
[70161:70161:1128/083110.861087:INFO:CONSOLE(800)] "Error: <svg> attribute height: Expected length, "var(--c-font-siz…".", source: https://coinmarketcap.com/currencies/bitcoin/ (800)
[70161:70161:1128/083110.861363:INFO:CONSOLE(800)] "Error: <svg> attribute width: Expected length, "var(--c-font-siz…".", source: https://coinmarketcap.com/currencies/bitcoin/ (800)
[70161:70161:1128/083110.862410:INFO:CONSOLE(800)] "Error: <svg> attribute height: Expected length, "var(--c-font-siz…".", source: https://coinmarketcap.com/currencies/bitcoin/ (800)
[70161:70161:1128/083110.862825:INFO:CONSOLE(800)] "Error: <svg> attribute width: Expected length, "var(--c-font-siz…".", source: https://coinmarketcap.com/currencies/bitcoin/ (800)
[70161:70161:1128/083110.863094:INFO:CONSOLE(800)] "Error: <svg> attribute height: Expected length, "var(--c-font-siz…".", source: https://coinmarketcap.com/currencies/bitcoin/ (800)
[70161:70161:1128/083110.863432:INFO:CONSOLE(800)] "Error: <svg> attribute width: Expected length, "var(--c-font-siz…".", source: https://coinmarketcap.com/currencies/bitcoin/ (800)
[70161:70161:1128/083110.863701:INFO:CONSOLE(800)] "Error: <svg> attribute height: Expected length, "var(--c-font-siz…".", source: https://coinmarketcap.com/currencies/bitcoin/ (800)
[70161:70161:1128/083110.863970:INFO:CONSOLE(800)] "Error: <svg> attribute width: Expected length, "var(--c-font-siz…".", source: https://coinmarketcap.com/currencies/bitcoin/ (800)
[70161:70161:1128/083110.864240:INFO:CONSOLE(800)] "Error: <svg> attribute height: Expected length, "var(--c-font-siz…".", source: https://coinmarketcap.com/currencies/bitcoin/ (800)
[70161:70161:1128/083110.864478:INFO:CONSOLE(800)] "Error: <svg> attribute width: Expected length, "var(--c-font-siz…".", source: https://coinmarketcap.com/currencies/bitcoin/ (800)
[70161:70161:1128/083110.864775:INFO:CONSOLE(800)] "Error: <svg> attribute height: Expected length, "var(--c-font-siz…".", source: https://coinmarketcap.com/currencies/bitcoin/ (800)
[70161:70161:1128/083110.865109:INFO:CONSOLE(800)] "Error: <svg> attribute width: Expected length, "var(--c-font-siz…".", source: https://coinmarketcap.com/currencies/bitcoin/ (800)
[70161:70161:1128/083110.865420:INFO:CONSOLE(800)] "Error: <svg> attribute height: Expected length, "var(--c-font-siz…".", source: https://coinmarketcap.com/currencies/bitcoin/ (800)
[70161:70161:1128/083110.865889:INFO:CONSOLE(800)] "Error: <svg> attribute width: Expected length, "var(--c-font-siz…".", source: https://coinmarketcap.com/currencies/bitcoin/ (800)
[70161:70161:1128/083110.866732:INFO:CONSOLE(800)] "Error: <svg> attribute height: Expected length, "var(--c-font-siz…".", source: https://coinmarketcap.com/currencies/bitcoin/ (800)
[70161:70161:1128/083110.867082:INFO:CONSOLE(800)] "Error: <svg> attribute width: Expected length, "var(--c-font-siz…".", source: https://coinmarketcap.com/currencies/bitcoin/ (800)
[70161:70161:1128/083110.867424:INFO:CONSOLE(800)] "Error: <svg> attribute height: Expected length, "var(--c-font-siz…".", source: https://coinmarketcap.com/currencies/bitcoin/ (800)
[70161:70161:1128/083110.867872:INFO:CONSOLE(800)] "Error: <svg> attribute width: Expected length, "var(--c-font-siz…".", source: https://coinmarketcap.com/currencies/bitcoin/ (800)
[70161:70161:1128/083110.868289:INFO:CONSOLE(800)] "Error: <svg> attribute height: Expected length, "var(--c-font-siz…".", source: https://coinmarketcap.com/currencies/bitcoin/ (800)
[70161:70161:1128/083110.868513:INFO:CONSOLE(800)] "Error: <svg> attribute width: Expected length, "var(--c-font-siz…".", source: https://coinmarketcap.com/currencies/bitcoin/ (800)
[70161:70161:1128/083110.868772:INFO:CONSOLE(800)] "Error: <svg> attribute height: Expected length, "var(--c-font-siz…".", source: https://coinmarketcap.com/currencies/bitcoin/ (800)
[70161:70161:1128/083110.869037:INFO:CONSOLE(800)] "Error: <svg> attribute width: Expected length, "var(--c-font-siz…".", source: https://coinmarketcap.com/currencies/bitcoin/ (800)
[70161:70161:1128/083110.869305:INFO:CONSOLE(800)] "Error: <svg> attribute height: Expected length, "var(--c-font-siz…".", source: https://coinmarketcap.com/currencies/bitcoin/ (800)
[70161:70161:1128/083110.869530:INFO:CONSOLE(800)] "Error: <svg> attribute width: Expected length, "var(--c-font-siz…".", source: https://coinmarketcap.com/currencies/bitcoin/ (800)
[70161:70161:1128/083110.869736:INFO:CONSOLE(800)] "Error: <svg> attribute height: Expected length, "var(--c-font-siz…".", source: https://coinmarketcap.com/currencies/bitcoin/ (800)
[70161:70161:1128/083110.869920:INFO:CONSOLE(800)] "Error: <svg> attribute width: Expected length, "var(--c-font-siz…".", source: https://coinmarketcap.com/currencies/bitcoin/ (800)
[70161:70161:1128/083110.870158:INFO:CONSOLE(800)] "Error: <svg> attribute height: Expected length, "var(--c-font-siz…".", source: https://coinmarketcap.com/currencies/bitcoin/ (800)
[70161:70161:1128/083110.870407:INFO:CONSOLE(800)] "Error: <svg> attribute width: Expected length, "var(--c-font-siz…".", source: https://coinmarketcap.com/currencies/bitcoin/ (800)
[70161:70161:1128/083110.870646:INFO:CONSOLE(800)] "Error: <svg> attribute height: Expected length, "var(--c-font-siz…".", source: https://coinmarketcap.com/currencies/bitcoin/ (800)
[70161:70161:1128/083110.870831:INFO:CONSOLE(800)] "Error: <svg> attribute width: Expected length, "var(--c-font-siz…".", source: https://coinmarketcap.com/currencies/bitcoin/ (800)
[70161:70161:1128/083110.871025:INFO:CONSOLE(800)] "Error: <svg> attribute height: Expected length, "var(--c-font-siz…".", source: https://coinmarketcap.com/currencies/bitcoin/ (800)
[70161:70161:1128/083110.871268:INFO:CONSOLE(800)] "Error: <svg> attribute width: Expected length, "var(--c-font-siz…".", source: https://coinmarketcap.com/currencies/bitcoin/ (800)
[70161:70161:1128/083111.026369:INFO:CONSOLE(1)] "react-i18next:: It seems you are still using the old wait option, you may migrate to the new useSuspense behaviour.", source: https://s2.coinmarketcap.com/_next/static/chunks/pages/_app-594dffddbbffcfc.js (1)
[70161:70161:1128/083111.410868:INFO:CONSOLE(1)] "Error: <svg> attribute height: Expected length, "var(--c-font-siz…".", source: https://s2.coinmarketcap.com/_next/static/chunks/framework-a01a042509ba197.js (1)
[70161:70161:1128/083111.412538:INFO:CONSOLE(1)] "Error: <svg> attribute width: Expected length, "var(--c-font-siz…".", source: https://s2.coinmarketcap.com/_next/static/chunks/framework-a01a042509ba197.js (1)
[70161:70161:1128/083111.416510:INFO:CONSOLE(1)] "Error: <svg> attribute height: Expected length, "var(--c-font-siz…".", source: https://s2.coinmarketcap.com/_next/static/chunks/framework-a01a042509ba197.js (1)
[70161:70161:1128/083111.416981:INFO:CONSOLE(1)] "Error: <svg> attribute width: Expected length, "var(--c-font-siz…".", source: https://s2.coinmarketcap.com/_next/static/chunks/framework-a01a042509ba197.js (1)
[70161:70161:1128/083113.390386:INFO:CONSOLE(254)] "[Audigent] cannot find a required consent framework, halt execution", source: https://a.ad.gt/api/v1/u/matches/617?_it=amazon (254)
[70161:70161:1128/083113.615669:INFO:CONSOLE(0)] "ResizeObserver loop completed with undelivered notifications.", source: https://coinmarketcap.com/currencies/bitcoin/ (0)
[70161:70161:1128/083113.637598:INFO:CONSOLE(0)] "Access to fetch at 'https://lb.eu-1-id5-sync.com/lb/v1' from origin 'https://coinmarketcap.com' has been blocked by CORS policy: No 'Access-Control-Allow-Origin' header is present on the requested resource. If an opaque response serves your needs, set the request's mode to 'no-cors' to fetch the resource with CORS disabled.", source: https://coinmarketcap.com/currencies/bitcoin/ (0)
[70161:70161:1128/083114.137029:INFO:CONSOLE(0)] "Access to XMLHttpRequest at 'https://id5-sync.com/gm/v3' from origin 'https://coinmarketcap.com' has been blocked by CORS policy: No 'Access-Control-Allow-Origin' header is present on the requested resource.", source: https://coinmarketcap.com/currencies/bitcoin/ (0)
[70161:70161:1128/083114.583981:INFO:CONSOLE(1)] "A parser-blocking, cross site (i.e. different eTLD+1) script, https://cdn.cookielaw.org/scripttemplates/otSDKStub.js, is invoked via document.write. The network request for this script MAY be blocked by the browser in this or a future page load due to poor network connectivity. If blocked in this page load, it will be confirmed in a subsequent console message. See https://www.chromestatus.com/feature/5718547946799104 for more details.", source: https://coinmarketcap.com/portfolio-tracker/ (1)
[70161:70161:1128/083114.585563:INFO:CONSOLE(1)] "A parser-blocking, cross site (i.e. different eTLD+1) script, https://cdn.cookielaw.org/scripttemplates/otSDKStub.js, is invoked via document.write. The network request for this script MAY be blocked by the browser in this or a future page load due to poor network connectivity. If blocked in this page load, it will be confirmed in a subsequent console message. See https://www.chromestatus.com/feature/5718547946799104 for more details.", source: https://coinmarketcap.com/portfolio-tracker/ (1)
[70161:70161:1128/083114.779830:INFO:CONSOLE(1)] "react-i18next:: It seems you are still using the old wait option, you may migrate to the new useSuspense behaviour.", source: https://s2.coinmarketcap.com/_next/static/chunks/pages/_app-594dffddbbffcfc.js (1)
[70161:70161:1128/083114.780776:INFO:CONSOLE(1)] "react-i18next:: i18n.languages were undefined or empty undefined", source: https://s2.coinmarketcap.com/_next/static/chunks/pages/_app-594dffddbbffcfc.js (1)
[70161:70161:1128/083115.915994:INFO:CONSOLE(1)] "A parser-blocking, cross site (i.e. different eTLD+1) script, https://cdn.cookielaw.org/scripttemplates/otSDKStub.js, is invoked via document.write. The network request for this script MAY be blocked by the browser in this or a future page load due to poor network connectivity. If blocked in this page load, it will be confirmed in a subsequent console message. See https://www.chromestatus.com/feature/5718547946799104 for more details.", source: https://coinmarketcap.com/portfolio-tracker/ (1)
[70161:70161:1128/083115.916874:INFO:CONSOLE(1)] "A parser-blocking, cross site (i.e. different eTLD+1) script, https://cdn.cookielaw.org/scripttemplates/otSDKStub.js, is invoked via document.write. The network request for this script MAY be blocked by the browser in this or a future page load due to poor network connectivity. If blocked in this page load, it will be confirmed in a subsequent console message. See https://www.chromestatus.com/feature/5718547946799104 for more details.", source: https://coinmarketcap.com/portfolio-tracker/ (1)
[70197:70202:1128/083115.942815:WARNING:spdy_session.cc(2966)] Received HEADERS for invalid stream 17
[70161:70161:1128/083116.092195:INFO:CONSOLE(1)] "react-i18next:: It seems you are still using the old wait option, you may migrate to the new useSuspense behaviour.", source: https://s2.coinmarketcap.com/_next/static/chunks/pages/_app-594dffddbbffcfc.js (1)
[70161:70161:1128/083116.600573:INFO:CONSOLE(254)] "[Audigent] cannot find a required consent framework, halt execution", source: https://a.ad.gt/api/v1/u/matches/617?_it=amazon (254)
[70161:70161:1128/083118.882056:INFO:CONSOLE(0)] "Access to fetch at 'https://lb.eu-1-id5-sync.com/lb/v1' from origin 'https://coinmarketcap.com' has been blocked by CORS policy: No 'Access-Control-Allow-Origin' header is present on the requested resource. If an opaque response serves your needs, set the request's mode to 'no-cors' to fetch the resource with CORS disabled.", source: https://coinmarketcap.com/portfolio-tracker/ (0)
[70161:70161:1128/083119.055083:INFO:CONSOLE(0)] "Access to XMLHttpRequest at 'https://id5-sync.com/gm/v3' from origin 'https://coinmarketcap.com' has been blocked by CORS policy: No 'Access-Control-Allow-Origin' header is present on the requested resource.", source: https://coinmarketcap.com/portfolio-tracker/ (0)
[70161:70161:1128/083119.131035:INFO:CONSOLE(1)] "Highcharts warning: Consider including the "accessibility.js" module to make your chart more usable for people with disabilities. Set the "accessibility.enabled" option to false to remove this warning. See https://www.highcharts.com/docs/accessibility/accessibility-module.", source: https://s2.coinmarketcap.com/_next/static/chunks/ee7bdd82-de38a1be2165c20.js (1)
[70161:70161:1128/083124.344621:INFO:CONSOLE(1)] "A parser-blocking, cross site (i.e. different eTLD+1) script, https://cdn.cookielaw.org/scripttemplates/otSDKStub.js, is invoked via document.write. The network request for this script MAY be blocked by the browser in this or a future page load due to poor network connectivity. If blocked in this page load, it will be confirmed in a subsequent console message. See https://www.chromestatus.com/feature/5718547946799104 for more details.", source: https://coinmarketcap.com/portfolio-tracker/ (1)
[70161:70161:1128/083124.345936:INFO:CONSOLE(1)] "A parser-blocking, cross site (i.e. different eTLD+1) script, https://cdn.cookielaw.org/scripttemplates/otSDKStub.js, is invoked via document.write. The network request for this script MAY be blocked by the browser in this or a future page load due to poor network connectivity. If blocked in this page load, it will be confirmed in a subsequent console message. See https://www.chromestatus.com/feature/5718547946799104 for more details.", source: https://coinmarketcap.com/portfolio-tracker/ (1)
[70161:70161:1128/083124.486179:INFO:CONSOLE(1)] "react-i18next:: It seems you are still using the old wait option, you may migrate to the new useSuspense behaviour.", source: https://s2.coinmarketcap.com/_next/static/chunks/pages/_app-594dffddbbffcfc.js (1)
[70161:70161:1128/083125.384973:INFO:CONSOLE(254)] "[Audigent] cannot find a required consent framework, halt execution", source: https://a.ad.gt/api/v1/u/matches/617?_it=amazon (254)
[70161:70161:1128/083125.418593:INFO:CONSOLE(1)] "A parser-blocking, cross site (i.e. different eTLD+1) script, https://cdn.cookielaw.org/scripttemplates/otSDKStub.js, is invoked via document.write. The network request for this script MAY be blocked by the browser in this or a future page load due to poor network connectivity. If blocked in this page load, it will be confirmed in a subsequent console message. See https://www.chromestatus.com/feature/5718547946799104 for more details.", source: https://coinmarketcap.com/portfolio-tracker/ (1)
[70161:70161:1128/083125.419065:INFO:CONSOLE(1)] "A parser-blocking, cross site (i.e. different eTLD+1) script, https://cdn.cookielaw.org/scripttemplates/otSDKStub.js, is invoked via document.write. The network request for this script MAY be blocked by the browser in this or a future page load due to poor network connectivity. If blocked in this page load, it will be confirmed in a subsequent console message. See https://www.chromestatus.com/feature/5718547946799104 for more details.", source: https://coinmarketcap.com/portfolio-tracker/ (1)
[70161:70161:1128/083125.597684:INFO:CONSOLE(1)] "react-i18next:: It seems you are still using the old wait option, you may migrate to the new useSuspense behaviour.", source: https://s2.coinmarketcap.com/_next/static/chunks/pages/_app-594dffddbbffcfc.js (1)
[70161:70161:1128/083126.026953:INFO:CONSOLE(254)] "[Audigent] cannot find a required consent framework, halt execution", source: https://a.ad.gt/api/v1/u/matches/617?_it=amazon (254)
[70161:70161:1128/083126.738514:INFO:CONSOLE(1)] "A parser-blocking, cross site (i.e. different eTLD+1) script, https://cdn.cookielaw.org/scripttemplates/otSDKStub.js, is invoked via document.write. The network request for this script MAY be blocked by the browser in this or a future page load due to poor network connectivity. If blocked in this page load, it will be confirmed in a subsequent console message. See https://www.chromestatus.com/feature/5718547946799104 for more details.", source: https://coinmarketcap.com/portfolio-tracker/ (1)
[70161:70161:1128/083126.739396:INFO:CONSOLE(1)] "A parser-blocking, cross site (i.e. different eTLD+1) script, https://cdn.cookielaw.org/scripttemplates/otSDKStub.js, is invoked via document.write. The network request for this script MAY be blocked by the browser in this or a future page load due to poor network connectivity. If blocked in this page load, it will be confirmed in a subsequent console message. See https://www.chromestatus.com/feature/5718547946799104 for more details.", source: https://coinmarketcap.com/portfolio-tracker/ (1)
[70161:70161:1128/083126.956200:INFO:CONSOLE(1)] "react-i18next:: It seems you are still using the old wait option, you may migrate to the new useSuspense behaviour.", source: https://s2.coinmarketcap.com/_next/static/chunks/pages/_app-594dffddbbffcfc.js (1)
[70161:70161:1128/083127.235097:INFO:CONSOLE(254)] "[Audigent] cannot find a required consent framework, halt execution", source: https://a.ad.gt/api/v1/u/matches/617?_it=amazon (254)
[70161:70161:1128/083129.542266:INFO:CONSOLE(1)] "Highcharts warning: Consider including the "accessibility.js" module to make your chart more usable for people with disabilities. Set the "accessibility.enabled" option to false to remove this warning. See https://www.highcharts.com/docs/accessibility/accessibility-module.", source: https://s2.coinmarketcap.com/_next/static/chunks/ee7bdd82-de38a1be2165c20.js (1)
[70161:70161:1128/083129.543265:INFO:CONSOLE(0)] "Access to fetch at 'https://lb.eu-1-id5-sync.com/lb/v1' from origin 'https://coinmarketcap.com' has been blocked by CORS policy: No 'Access-Control-Allow-Origin' header is present on the requested resource. If an opaque response serves your needs, set the request's mode to 'no-cors' to fetch the resource with CORS disabled.", source: https://coinmarketcap.com/portfolio-tracker/ (0)
[70161:70161:1128/083129.826876:INFO:CONSOLE(0)] "Access to XMLHttpRequest at 'https://id5-sync.com/gm/v3' from origin 'https://coinmarketcap.com' has been blocked by CORS policy: No 'Access-Control-Allow-Origin' header is present on the requested resource.", source: https://coinmarketcap.com/portfolio-tracker/ (0)
[70161:70161:1128/083134.703081:INFO:CONSOLE(1)] "A parser-blocking, cross site (i.e. different eTLD+1) script, https://cdn.cookielaw.org/scripttemplates/otSDKStub.js, is invoked via document.write. The network request for this script MAY be blocked by the browser in this or a future page load due to poor network connectivity. If blocked in this page load, it will be confirmed in a subsequent console message. See https://www.chromestatus.com/feature/5718547946799104 for more details.", source: https://coinmarketcap.com/portfolio-tracker/ (1)
[70161:70161:1128/083134.703670:INFO:CONSOLE(1)] "A parser-blocking, cross site (i.e. different eTLD+1) script, https://cdn.cookielaw.org/scripttemplates/otSDKStub.js, is invoked via document.write. The network request for this script MAY be blocked by the browser in this or a future page load due to poor network connectivity. If blocked in this page load, it will be confirmed in a subsequent console message. See https://www.chromestatus.com/feature/5718547946799104 for more details.", source: https://coinmarketcap.com/portfolio-tracker/ (1)
[70161:70161:1128/083134.835599:INFO:CONSOLE(1)] "react-i18next:: It seems you are still using the old wait option, you may migrate to the new useSuspense behaviour.", source: https://s2.coinmarketcap.com/_next/static/chunks/pages/_app-594dffddbbffcfc.js (1)
[70161:70161:1128/083135.709178:INFO:CONSOLE(254)] "[Audigent] cannot find a required consent framework, halt execution", source: https://a.ad.gt/api/v1/u/matches/617?_it=amazon (254)
[70161:70161:1128/083135.793515:INFO:CONSOLE(1)] "A parser-blocking, cross site (i.e. different eTLD+1) script, https://cdn.cookielaw.org/scripttemplates/otSDKStub.js, is invoked via document.write. The network request for this script MAY be blocked by the browser in this or a future page load due to poor network connectivity. If blocked in this page load, it will be confirmed in a subsequent console message. See https://www.chromestatus.com/feature/5718547946799104 for more details.", source: https://coinmarketcap.com/portfolio-tracker/ (1)
[70161:70161:1128/083135.793968:INFO:CONSOLE(1)] "A parser-blocking, cross site (i.e. different eTLD+1) script, https://cdn.cookielaw.org/scripttemplates/otSDKStub.js, is invoked via document.write. The network request for this script MAY be blocked by the browser in this or a future page load due to poor network connectivity. If blocked in this page load, it will be confirmed in a subsequent console message. See https://www.chromestatus.com/feature/5718547946799104 for more details.", source: https://coinmarketcap.com/portfolio-tracker/ (1)
[70161:70161:1128/083135.966336:INFO:CONSOLE(1)] "react-i18next:: It seems you are still using the old wait option, you may migrate to the new useSuspense behaviour.", source: https://s2.coinmarketcap.com/_next/static/chunks/pages/_app-594dffddbbffcfc.js (1)
[70161:70161:1128/083136.581933:INFO:CONSOLE(254)] "[Audigent] cannot find a required consent framework, halt execution", source: https://a.ad.gt/api/v1/u/matches/617?_it=amazon (254)
[70161:70161:1128/083136.699164:INFO:CONSOLE(1)] "A parser-blocking, cross site (i.e. different eTLD+1) script, https://cdn.cookielaw.org/scripttemplates/otSDKStub.js, is invoked via document.write. The network request for this script MAY be blocked by the browser in this or a future page load due to poor network connectivity. If blocked in this page load, it will be confirmed in a subsequent console message. See https://www.chromestatus.com/feature/5718547946799104 for more details.", source: https://coinmarketcap.com/portfolio-tracker/ (1)
[70161:70161:1128/083136.700181:INFO:CONSOLE(1)] "A parser-blocking, cross site (i.e. different eTLD+1) script, https://cdn.cookielaw.org/scripttemplates/otSDKStub.js, is invoked via document.write. The network request for this script MAY be blocked by the browser in this or a future page load due to poor network connectivity. If blocked in this page load, it will be confirmed in a subsequent console message. See https://www.chromestatus.com/feature/5718547946799104 for more details.", source: https://coinmarketcap.com/portfolio-tracker/ (1)
[70161:70161:1128/083136.901507:INFO:CONSOLE(1)] "react-i18next:: It seems you are still using the old wait option, you may migrate to the new useSuspense behaviour.", source: https://s2.coinmarketcap.com/_next/static/chunks/pages/_app-594dffddbbffcfc.js (1)
[70161:70161:1128/083137.463060:INFO:CONSOLE(254)] "[Audigent] cannot find a required consent framework, halt execution", source: https://a.ad.gt/api/v1/u/matches/617?_it=amazon (254)
[70161:70161:1128/083138.563138:INFO:CONSOLE(1)] "Highcharts warning: Consider including the "accessibility.js" module to make your chart more usable for people with disabilities. Set the "accessibility.enabled" option to false to remove this warning. See https://www.highcharts.com/docs/accessibility/accessibility-module.", source: https://s2.coinmarketcap.com/_next/static/chunks/ee7bdd82-de38a1be2165c20.js (1)
[70161:70161:1128/083138.663389:INFO:CONSOLE(0)] "Access to fetch at 'https://lb.eu-1-id5-sync.com/lb/v1' from origin 'https://coinmarketcap.com' has been blocked by CORS policy: No 'Access-Control-Allow-Origin' header is present on the requested resource. If an opaque response serves your needs, set the request's mode to 'no-cors' to fetch the resource with CORS disabled.", source: https://coinmarketcap.com/portfolio-tracker/ (0)
[70161:70161:1128/083138.970527:INFO:CONSOLE(0)] "Access to XMLHttpRequest at 'https://id5-sync.com/gm/v3' from origin 'https://coinmarketcap.com' has been blocked by CORS policy: No 'Access-Control-Allow-Origin' header is present on the requested resource.", source: https://coinmarketcap.com/portfolio-tracker/ (0)
[70161:70161:1128/083144.041346:INFO:CONSOLE(1)] "A parser-blocking, cross site (i.e. different eTLD+1) script, https://cdn.cookielaw.org/scripttemplates/otSDKStub.js, is invoked via document.write. The network request for this script MAY be blocked by the browser in this or a future page load due to poor network connectivity. If blocked in this page load, it will be confirmed in a subsequent console message. See https://www.chromestatus.com/feature/5718547946799104 for more details.", source: https://coinmarketcap.com/portfolio-tracker/ (1)
[70161:70161:1128/083144.041829:INFO:CONSOLE(1)] "A parser-blocking, cross site (i.e. different eTLD+1) script, https://cdn.cookielaw.org/scripttemplates/otSDKStub.js, is invoked via document.write. The network request for this script MAY be blocked by the browser in this or a future page load due to poor network connectivity. If blocked in this page load, it will be confirmed in a subsequent console message. See https://www.chromestatus.com/feature/5718547946799104 for more details.", source: https://coinmarketcap.com/portfolio-tracker/ (1)
[70161:70161:1128/083144.161739:INFO:CONSOLE(1)] "react-i18next:: It seems you are still using the old wait option, you may migrate to the new useSuspense behaviour.", source: https://s2.coinmarketcap.com/_next/static/chunks/pages/_app-594dffddbbffcfc.js (1)
[70161:70161:1128/083144.912766:INFO:CONSOLE(254)] "[Audigent] cannot find a required consent framework, halt execution", source: https://a.ad.gt/api/v1/u/matches/617?_it=amazon (254)
[70161:70161:1128/083144.985750:INFO:CONSOLE(1)] "A parser-blocking, cross site (i.e. different eTLD+1) script, https://cdn.cookielaw.org/scripttemplates/otSDKStub.js, is invoked via document.write. The network request for this script MAY be blocked by the browser in this or a future page load due to poor network connectivity. If blocked in this page load, it will be confirmed in a subsequent console message. See https://www.chromestatus.com/feature/5718547946799104 for more details.", source: https://coinmarketcap.com/portfolio-tracker/ (1)
[70161:70161:1128/083144.986848:INFO:CONSOLE(1)] "A parser-blocking, cross site (i.e. different eTLD+1) script, https://cdn.cookielaw.org/scripttemplates/otSDKStub.js, is invoked via document.write. The network request for this script MAY be blocked by the browser in this or a future page load due to poor network connectivity. If blocked in this page load, it will be confirmed in a subsequent console message. See https://www.chromestatus.com/feature/5718547946799104 for more details.", source: https://coinmarketcap.com/portfolio-tracker/ (1)
[70161:70161:1128/083145.222015:INFO:CONSOLE(1)] "react-i18next:: It seems you are still using the old wait option, you may migrate to the new useSuspense behaviour.", source: https://s2.coinmarketcap.com/_next/static/chunks/pages/_app-594dffddbbffcfc.js (1)
[70161:70161:1128/083145.757458:INFO:CONSOLE(254)] "[Audigent] cannot find a required consent framework, halt execution", source: https://a.ad.gt/api/v1/u/matches/617?_it=amazon (254)
[70161:70161:1128/083145.879027:INFO:CONSOLE(1)] "A parser-blocking, cross site (i.e. different eTLD+1) script, https://cdn.cookielaw.org/scripttemplates/otSDKStub.js, is invoked via document.write. The network request for this script MAY be blocked by the browser in this or a future page load due to poor network connectivity. If blocked in this page load, it will be confirmed in a subsequent console message. See https://www.chromestatus.com/feature/5718547946799104 for more details.", source: https://coinmarketcap.com/portfolio-tracker/ (1)
[70161:70161:1128/083145.879923:INFO:CONSOLE(1)] "A parser-blocking, cross site (i.e. different eTLD+1) script, https://cdn.cookielaw.org/scripttemplates/otSDKStub.js, is invoked via document.write. The network request for this script MAY be blocked by the browser in this or a future page load due to poor network connectivity. If blocked in this page load, it will be confirmed in a subsequent console message. See https://www.chromestatus.com/feature/5718547946799104 for more details.", source: https://coinmarketcap.com/portfolio-tracker/ (1)
[70161:70161:1128/083146.070903:INFO:CONSOLE(1)] "react-i18next:: It seems you are still using the old wait option, you may migrate to the new useSuspense behaviour.", source: https://s2.coinmarketcap.com/_next/static/chunks/pages/_app-594dffddbbffcfc.js (1)
[70161:70161:1128/083146.664957:INFO:CONSOLE(254)] "[Audigent] cannot find a required consent framework, halt execution", source: https://a.ad.gt/api/v1/u/matches/617?_it=amazon (254)
[70161:70161:1128/083148.389063:INFO:CONSOLE(0)] "Access to fetch at 'https://lb.eu-1-id5-sync.com/lb/v1' from origin 'https://coinmarketcap.com' has been blocked by CORS policy: No 'Access-Control-Allow-Origin' header is present on the requested resource. If an opaque response serves your needs, set the request's mode to 'no-cors' to fetch the resource with CORS disabled.", source: https://coinmarketcap.com/portfolio-tracker/ (0)
[70161:70161:1128/083148.763114:INFO:CONSOLE(0)] "Access to XMLHttpRequest at 'https://id5-sync.com/gm/v3' from origin 'https://coinmarketcap.com' has been blocked by CORS policy: No 'Access-Control-Allow-Origin' header is present on the requested resource.", source: https://coinmarketcap.com/portfolio-tracker/ (0)
[70161:70161:1128/083154.559911:INFO:CONSOLE(1)] "A parser-blocking, cross site (i.e. different eTLD+1) script, https://cdn.cookielaw.org/scripttemplates/otSDKStub.js, is invoked via document.write. The network request for this script MAY be blocked by the browser in this or a future page load due to poor network connectivity. If blocked in this page load, it will be confirmed in a subsequent console message. See https://www.chromestatus.com/feature/5718547946799104 for more details.", source: https://coinmarketcap.com/portfolio-tracker/ (1)
[70161:70161:1128/083154.560420:INFO:CONSOLE(1)] "A parser-blocking, cross site (i.e. different eTLD+1) script, https://cdn.cookielaw.org/scripttemplates/otSDKStub.js, is invoked via document.write. The network request for this script MAY be blocked by the browser in this or a future page load due to poor network connectivity. If blocked in this page load, it will be confirmed in a subsequent console message. See https://www.chromestatus.com/feature/5718547946799104 for more details.", source: https://coinmarketcap.com/portfolio-tracker/ (1)
[70197:70202:1128/083154.594107:WARNING:spdy_session.cc(2966)] Received HEADERS for invalid stream 633
[70161:70161:1128/083154.688903:INFO:CONSOLE(1)] "react-i18next:: It seems you are still using the old wait option, you may migrate to the new useSuspense behaviour.", source: https://s2.coinmarketcap.com/_next/static/chunks/pages/_app-594dffddbbffcfc.js (1)
[70161:70161:1128/083155.562949:INFO:CONSOLE(254)] "[Audigent] cannot find a required consent framework, halt execution", source: https://a.ad.gt/api/v1/u/matches/617?_it=amazon (254)
[70161:70161:1128/083155.624254:INFO:CONSOLE(1)] "A parser-blocking, cross site (i.e. different eTLD+1) script, https://cdn.cookielaw.org/scripttemplates/otSDKStub.js, is invoked via document.write. The network request for this script MAY be blocked by the browser in this or a future page load due to poor network connectivity. If blocked in this page load, it will be confirmed in a subsequent console message. See https://www.chromestatus.com/feature/5718547946799104 for more details.", source: https://coinmarketcap.com/portfolio-tracker/ (1)
[70161:70161:1128/083155.625128:INFO:CONSOLE(1)] "A parser-blocking, cross site (i.e. different eTLD+1) script, https://cdn.cookielaw.org/scripttemplates/otSDKStub.js, is invoked via document.write. The network request for this script MAY be blocked by the browser in this or a future page load due to poor network connectivity. If blocked in this page load, it will be confirmed in a subsequent console message. See https://www.chromestatus.com/feature/5718547946799104 for more details.", source: https://coinmarketcap.com/portfolio-tracker/ (1)
[70161:70161:1128/083155.825002:INFO:CONSOLE(1)] "react-i18next:: It seems you are still using the old wait option, you may migrate to the new useSuspense behaviour.", source: https://s2.coinmarketcap.com/_next/static/chunks/pages/_app-594dffddbbffcfc.js (1)
[70161:70161:1128/083156.173102:INFO:CONSOLE(254)] "[Audigent] cannot find a required consent framework, halt execution", source: https://a.ad.gt/api/v1/u/matches/617?_it=amazon (254)
[70161:70161:1128/083156.588786:INFO:CONSOLE(1)] "A parser-blocking, cross site (i.e. different eTLD+1) script, https://cdn.cookielaw.org/scripttemplates/otSDKStub.js, is invoked via document.write. The network request for this script MAY be blocked by the browser in this or a future page load due to poor network connectivity. If blocked in this page load, it will be confirmed in a subsequent console message. See https://www.chromestatus.com/feature/5718547946799104 for more details.", source: https://coinmarketcap.com/portfolio-tracker/ (1)
[70161:70161:1128/083156.589342:INFO:CONSOLE(1)] "A parser-blocking, cross site (i.e. different eTLD+1) script, https://cdn.cookielaw.org/scripttemplates/otSDKStub.js, is invoked via document.write. The network request for this script MAY be blocked by the browser in this or a future page load due to poor network connectivity. If blocked in this page load, it will be confirmed in a subsequent console message. See https://www.chromestatus.com/feature/5718547946799104 for more details.", source: https://coinmarketcap.com/portfolio-tracker/ (1)
[70161:70161:1128/083156.804897:INFO:CONSOLE(1)] "react-i18next:: It seems you are still using the old wait option, you may migrate to the new useSuspense behaviour.", source: https://s2.coinmarketcap.com/_next/static/chunks/pages/_app-594dffddbbffcfc.js (1)
[70161:70161:1128/083157.206103:INFO:CONSOLE(254)] "[Audigent] cannot find a required consent framework, halt execution", source: https://a.ad.gt/api/v1/u/matches/617?_it=amazon (254)
[70161:70161:1128/083159.706590:INFO:CONSOLE(0)] "Access to fetch at 'https://lb.eu-1-id5-sync.com/lb/v1' from origin 'https://coinmarketcap.com' has been blocked by CORS policy: No 'Access-Control-Allow-Origin' header is present on the requested resource. If an opaque response serves your needs, set the request's mode to 'no-cors' to fetch the resource with CORS disabled.", source: https://coinmarketcap.com/portfolio-tracker/ (0)
[70161:70161:1128/083159.985288:INFO:CONSOLE(0)] "Access to XMLHttpRequest at 'https://id5-sync.com/gm/v3' from origin 'https://coinmarketcap.com' has been blocked by CORS policy: No 'Access-Control-Allow-Origin' header is present on the requested resource.", source: https://coinmarketcap.com/portfolio-tracker/ (0)
[70161:70161:1128/083205.998004:INFO:CONSOLE(1)] "A parser-blocking, cross site (i.e. different eTLD+1) script, https://cdn.cookielaw.org/scripttemplates/otSDKStub.js, is invoked via document.write. The network request for this script MAY be blocked by the browser in this or a future page load due to poor network connectivity. If blocked in this page load, it will be confirmed in a subsequent console message. See https://www.chromestatus.com/feature/5718547946799104 for more details.", source: https://coinmarketcap.com/portfolio-tracker/ (1)
[70161:70161:1128/083205.998533:INFO:CONSOLE(1)] "A parser-blocking, cross site (i.e. different eTLD+1) script, https://cdn.cookielaw.org/scripttemplates/otSDKStub.js, is invoked via document.write. The network request for this script MAY be blocked by the browser in this or a future page load due to poor network connectivity. If blocked in this page load, it will be confirmed in a subsequent console message. See https://www.chromestatus.com/feature/5718547946799104 for more details.", source: https://coinmarketcap.com/portfolio-tracker/ (1)
[70161:70161:1128/083206.124332:INFO:CONSOLE(1)] "react-i18next:: It seems you are still using the old wait option, you may migrate to the new useSuspense behaviour.", source: https://s2.coinmarketcap.com/_next/static/chunks/pages/_app-594dffddbbffcfc.js (1)
[70161:70161:1128/083206.852334:INFO:CONSOLE(254)] "[Audigent] cannot find a required consent framework, halt execution", source: https://a.ad.gt/api/v1/u/matches/617?_it=amazon (254)
[70161:70161:1128/083208.243258:WARNING:pref_notifier_impl.cc(41)] Pref observer for media_router.cast_allow_all_ips found at shutdown.
